18:52:49.545465 git.c:750               trace: exec: git-submodule update --recursive
18:52:49.545486 run-command.c:657       trace: run_command: git-submodule update --recursive
18:52:49.559042 git.c:465               trace: built-in: git rev-parse --git-dir
18:52:49.560816 git.c:465               trace: built-in: git rev-parse --git-path objects
18:52:49.563238 git.c:465               trace: built-in: git rev-parse --show-prefix
18:52:49.564289 git.c:465               trace: built-in: git rev-parse --show-toplevel
18:52:49.566748 git.c:465               trace: built-in: git submodule--helper update --recursive --
18:52:49.566929 run-command.c:1521      run_processes_parallel: preparing to run up to 1 tasks
18:52:49.569221 run-command.c:1549      run_processes_parallel: done
18:52:49.569961 run-command.c:657       trace: run_command: cd kube/bitnami/charts; unset GIT_PREFIX; GIT_DIR=.git git submodule--helper update --recursive --super-prefix kube/bitnami/charts/ --jobs=1
18:52:49.571077 git.c:465               trace: built-in: git submodule--helper update --recursive --super-prefix kube/bitnami/charts/ --jobs=1
18:52:49.571838 run-command.c:1521      run_processes_parallel: preparing to run up to 1 tasks
18:52:49.571889 run-command.c:657       trace: run_command: git submodule--helper clone --path docs --name docs --url https://github.com/bitnami/charts-docs
18:52:49.572710 git.c:465               trace: built-in: git submodule--helper clone --path docs --name docs --url https://github.com/bitnami/charts-docs
18:52:49.572779 run-command.c:657       trace: run_command: unset GIT_PREFIX; GIT_DIR=.git git clone --no-checkout --separate-git-dir /mnt/wsl/projects/git/westie-dev-pnpm/.git/modules/kube/bitnami/charts/modules/docs -- https://github.com/bitnami/charts-docs /mnt/wsl/projects/git/westie-dev-pnpm/kube/bitnami/charts/docs
18:52:49.573550 git.c:465               trace: built-in: git clone --no-checkout --separate-git-dir /mnt/wsl/projects/git/westie-dev-pnpm/.git/modules/kube/bitnami/charts/modules/docs -- https://github.com/bitnami/charts-docs /mnt/wsl/projects/git/westie-dev-pnpm/kube/bitnami/charts/docs
Cloning into '/mnt/wsl/projects/git/westie-dev-pnpm/kube/bitnami/charts/docs'...
18:52:49.574861 run-command.c:657       trace: run_command: git remote-https origin https://github.com/bitnami/charts-docs
18:52:49.575590 git.c:750               trace: exec: git-remote-https origin https://github.com/bitnami/charts-docs
18:52:49.575613 run-command.c:657       trace: run_command: git-remote-https origin https://github.com/bitnami/charts-docs
